d:\users\yang\source\repos\algorithm\lintcode\lintcode\debug\vc140.pdb
d:\users\yang\source\repos\algorithm\lintcode\lintcode\debug\vc140.idb
d:\users\yang\source\repos\algorithm\lintcode\lintcode\debug\fibonacci.obj
d:\users\yang\source\repos\algorithm\lintcode\lintcode\debug\findminimuminrotatedsortedarrayii.obj
d:\users\yang\source\repos\algorithm\lintcode\lintcode\debug\generateparentheses.obj
d:\users\yang\source\repos\algorithm\lintcode\lintcode\debug\longestincreasingcontinuoussubsequence_dp.obj
d:\users\yang\source\repos\algorithm\lintcode\lintcode\debug\majoritynumber.obj
d:\users\yang\source\repos\algorithm\lintcode\lintcode\debug\median.obj
d:\users\yang\source\repos\algorithm\lintcode\lintcode\debug\medianoftwosortedarrays.obj
d:\users\yang\source\repos\algorithm\lintcode\lintcode\debug\mergeksortedlists.obj
d:\users\yang\source\repos\algorithm\lintcode\lintcode\debug\o(1)checkpowerof2.obj
d:\users\yang\source\repos\algorithm\lintcode\lintcode\debug\palindromepartitioning.obj
d:\users\yang\source\repos\algorithm\lintcode\lintcode\debug\partitionarray.obj
d:\users\yang\source\repos\algorithm\lintcode\lintcode\debug\pow(x, n).obj
d:\users\yang\source\repos\algorithm\lintcode\lintcode\debug\practice.obj
d:\users\yang\source\repos\algorithm\lintcode\lintcode\debug\singlenumber.obj
d:\users\yang\source\repos\algorithm\lintcode\lintcode\debug\tree_traverse.obj
d:\users\yang\source\repos\algorithm\lintcode\lintcode\debug\triangle.obj
d:\users\yang\source\repos\algorithm\lintcode\lintcode\debug\twosum.obj
d:\users\yang\source\repos\algorithm\lintcode\lintcode\debug\uniquepaths.obj
d:\users\yang\source\repos\algorithm\lintcode\lintcode\debug\validatebinarysearchtree.obj
d:\users\yang\source\repos\algorithm\lintcode\lintcode\debug\validparentheses.obj
d:\users\yang\source\repos\algorithm\lintcode\lintcode\debug\3sum.obj
d:\users\yang\source\repos\algorithm\lintcode\lintcode\debug\3sumclosest.obj
d:\users\yang\source\repos\algorithm\lintcode\lintcode\debug\4sum.obj
d:\users\yang\source\repos\algorithm\lintcode\lintcode\debug\backpack.obj
d:\users\yang\source\repos\algorithm\lintcode\lintcode\debug\backpackii.obj
d:\users\yang\source\repos\algorithm\lintcode\lintcode\debug\balancedbinarytree.obj
d:\users\yang\source\repos\algorithm\lintcode\lintcode\debug\binarytreelevelordertraversal.obj
d:\users\yang\source\repos\algorithm\lintcode\lintcode\debug\binarytreelevelordertraversalii.obj
d:\users\yang\source\repos\algorithm\lintcode\lintcode\debug\binarytreemaximumpathsum.obj
d:\users\yang\source\repos\algorithm\lintcode\lintcode\debug\binarytreepaths.obj
d:\users\yang\source\repos\algorithm\lintcode\lintcode\debug\binarytreepostordertraversal.obj
d:\users\yang\source\repos\algorithm\lintcode\lintcode\debug\climbingstairs_m_steps.obj
d:\users\yang\source\repos\algorithm\lintcode\lintcode\debug\coinsinalineii.obj
d:\users\yang\source\repos\algorithm\lintcode\lintcode\debug\combinations.obj
d:\users\yang\source\repos\algorithm\lintcode\lintcode\debug\combinationsum.obj
d:\users\yang\source\repos\algorithm\lintcode\lintcode\debug\combinationsumii.obj
d:\users\yang\source\repos\algorithm\lintcode\lintcode\debug\decodeways.obj
d:\users\yang\source\repos\algorithm\lintcode\lintcode\debug\deletedigits.obj
d:\users\yang\source\repos\algorithm\lintcode\lintcode\debug\distinctsubsequences.obj
d:\users\yang\source\repos\algorithm\lintcode\lintcode\debug\fastpower.obj
d:\users\yang\source\repos\algorithm\lintcode\lintcode\debug\lettercombinationsofaphonenumber.obj
d:\users\yang\source\repos\algorithm\lintcode\lintcode\debug\restoreipaddresses.obj
d:\users\yang\source\repos\algorithm\lintcode\lintcode\debug\wordsearch.obj
d:\users\yang\source\repos\algorithm\lintcode\debug\lintcode.ilk
d:\users\yang\source\repos\algorithm\lintcode\debug\lintcode.exe
d:\users\yang\source\repos\algorithm\lintcode\debug\lintcode.pdb
d:\users\yang\source\repos\algorithm\lintcode\lintcode\debug\lintcode.tlog\cl.command.1.tlog
d:\users\yang\source\repos\algorithm\lintcode\lintcode\debug\lintcode.tlog\cl.read.1.tlog
d:\users\yang\source\repos\algorithm\lintcode\lintcode\debug\lintcode.tlog\cl.write.1.tlog
d:\users\yang\source\repos\algorithm\lintcode\lintcode\debug\lintcode.tlog\link.command.1.tlog
d:\users\yang\source\repos\algorithm\lintcode\lintcode\debug\lintcode.tlog\link.read.1.tlog
d:\users\yang\source\repos\algorithm\lintcode\lintcode\debug\lintcode.tlog\link.write.1.tlog
